
[loader::fresh.sh] REBUILD
================================================================================

ℹ️ [2025-06-24T08:58:06+0000] [loader::fresh.sh] cleaned project
ℹ️ [2025-06-24T08:58:06+0000] [loader::fresh.sh] removed windows dll (debug): /build/retro/projects/loader/sln/Debug
ℹ️ [2025-06-24T08:58:06+0000] [loader::fresh.sh] removed windows dll (release): /build/retro/projects/loader/sln/Release

[loader::make.sh] Build binaries to load
================================================================================


[hello::fresh.sh] REBUILD - clean/prepare
================================================================================

ℹ️ [2025-06-24T08:58:06+0000] [hello::fresh.sh] cleaned project
ℹ️ [2025-06-24T08:58:06+0000] [hello::fresh.sh] removed windows sounds (debug): /build/retro/projects/hello/sln/Debug/assets/sound/arkos2/fx
ℹ️ [2025-06-24T08:58:06+0000] [hello::fresh.sh] removed windows sounds (release): /build/retro/projects/hello/sln/Release/assets/sound/arkos2/fx
ℹ️ [2025-06-24T08:58:06+0000] [hello::fresh.sh] removed windows dll (debug): /build/retro/projects/hello/sln/Debug
ℹ️ [2025-06-24T08:58:06+0000] [hello::fresh.sh] removed windows dll (release): /build/retro/projects/hello/sln/Release
ℹ️ [2025-06-24T08:58:06+0000] [hello::fresh.sh] removed compression source: /build/retro/projects/hello/src/compression

[hello::fresh.sh] REBUILD - build
================================================================================



[convert.sh] IMAGES
================================================================================

ℹ️ [2025-06-24T08:58:06+0000] [convert_images.sh] check /build/retro/projects/hello/assets/images/sfore/bg.bmp...
✔️ [2025-06-24T08:58:06+0000] [convert_images.sh] generated '/build/retro/projects/hello/src/assets/usb/osmobito/images/sfore/bg.bin'
❤️ [2025-06-24T08:58:06+0000] [convert_images.sh] MAX_SIZE=16384


[convert.sh] SPRITES
================================================================================

ℹ️ [2025-06-24T08:58:06+0000] [convert_sprites.sh] check /build/retro/projects/hello/assets/sprites/100x164/bgsfesk.bmp...
✔️ [2025-06-24T08:58:06+0000] [convert_sprites.sh] generated '/build/retro/projects/hello/src/assets/usb/osmobito/bgsfesk.bin'

ℹ️ [2025-06-24T08:58:06+0000] [convert_sprites.sh] check /build/retro/projects/hello/assets/sprites/4x8/fntdef.bmp...
✔️ [2025-06-24T08:58:06+0000] [convert_sprites.sh] generated '/build/retro/projects/hello/src/assets/usb/osmobito/fntdef.bin'

ℹ️ [2025-06-24T08:58:06+0000] [convert_sprites.sh] check /build/retro/projects/hello/assets/sprites/8x8/fntsfudo.bmp...
✔️ [2025-06-24T08:58:06+0000] [convert_sprites.sh] generated '/build/retro/projects/hello/src/assets/usb/osmobito/fntsfudo.bin'
ℹ️ [2025-06-24T08:58:06+0000] [convert_sprites.sh] check /build/retro/projects/hello/assets/sprites/8x8/fntsfong.bmp...
✔️ [2025-06-24T08:58:06+0000] [convert_sprites.sh] generated '/build/retro/projects/hello/src/assets/usb/osmobito/fntsfong.bin'
ℹ️ [2025-06-24T08:58:06+0000] [convert_sprites.sh] check /build/retro/projects/hello/assets/sprites/8x8/ornaments.bmp...
✔️ [2025-06-24T08:58:06+0000] [convert_sprites.sh] generated '/build/retro/projects/hello/src/assets/usb/osmobito/ornaments.bin'
ℹ️ [2025-06-24T08:58:06+0000] [convert_sprites.sh] check /build/retro/projects/hello/assets/sprites/8x8/fntsfesk.bmp...
✔️ [2025-06-24T08:58:06+0000] [convert_sprites.sh] generated '/build/retro/projects/hello/src/assets/usb/osmobito/fntsfesk.bin'
ℹ️ [2025-06-24T08:58:06+0000] [convert_sprites.sh] check /build/retro/projects/hello/assets/sprites/8x8/icosfesk.bmp...
✔️ [2025-06-24T08:58:06+0000] [convert_sprites.sh] generated '/build/retro/projects/hello/src/assets/usb/osmobito/icosfesk.bin'
ℹ️ [2025-06-24T08:58:06+0000] [convert_sprites.sh] check /build/retro/projects/hello/assets/sprites/8x8/stsfesk.bmp...
✔️ [2025-06-24T08:58:06+0000] [convert_sprites.sh] generated '/build/retro/projects/hello/src/assets/usb/osmobito/stsfesk.bin'


[convert.sh] UI
================================================================================

ℹ️ [2025-06-24T08:58:10+0000] [convert_ui.sh] Check '/build/retro/projects/hello/assets/ui'...
ℹ️ [2025-06-24T08:58:10+0000] [convert_ui.sh] Check '/build/retro/projects/hello/assets/ui/sfell/sfell.json'...
✔️ [2025-06-24T08:58:10+0000] [convert_ui.sh] generated '/build/retro/projects/hello/src/assets/usb/osmobito/ui/sfell_ui.bin'
ℹ️ [2025-06-24T08:58:10+0000] [convert_ui.sh] Check '/build/retro/projects/hello/assets/ui/sfesktop/sfesktop.json'...
✔️ [2025-06-24T08:58:12+0000] [convert_ui.sh] generated '/build/retro/projects/hello/src/assets/usb/osmobito/ui/sfesktop_ui.bin'
ℹ️ [2025-06-24T08:58:12+0000] [convert_ui.sh] Check '/build/retro/projects/hello/assets/ui/sfong/sfong.json'...
✔️ [2025-06-24T08:58:13+0000] [convert_ui.sh] generated '/build/retro/projects/hello/src/assets/usb/osmobito/ui/sfong_ui.bin'
ℹ️ [2025-06-24T08:58:13+0000] [convert_ui.sh] Check '/build/retro/projects/hello/assets/ui/sfotify/sfotify.json'...
✔️ [2025-06-24T08:58:14+0000] [convert_ui.sh] generated '/build/retro/projects/hello/src/assets/usb/osmobito/ui/sfotify_ui.bin'
ℹ️ [2025-06-24T08:58:14+0000] [convert_ui.sh] Check '/build/retro/projects/hello/assets/ui/sfudo/sfudo.json'...
✔️ [2025-06-24T08:58:15+0000] [convert_ui.sh] generated '/build/retro/projects/hello/src/assets/usb/osmobito/ui/sfudo_ui.bin'
ℹ️ [2025-06-24T08:58:15+0000] [convert_ui.sh] Check '/build/retro/projects/hello/assets/ui/sfype/sfype.json'...
✔️ [2025-06-24T08:58:16+0000] [convert_ui.sh] generated '/build/retro/projects/hello/src/assets/usb/osmobito/ui/sfype_ui.bin'

[convert.sh] CHUNKS
================================================================================

ℹ️ [2025-06-24T08:58:16+0000] [convert_chunks.sh] check '/build/retro/projects/hello/assets/chunks'...
✔️ [2025-06-24T08:58:16+0000] [convert_chunks.sh] generated '/build/retro/projects/hello/src/assets/usb/osmobito/reqp.cnk'
✔️ [2025-06-24T08:58:16+0000] [convert_chunks.sh] generated '/build/retro/projects/hello/src/assets/usb/osmobito/texts.cnk'
✔️ [2025-06-24T08:58:16+0000] [hello::make.sh] /build/retro/projects/hello/assets/usb/. => /build/retro/projects/hello/src/assets/usb/.

[hello::make.sh] BUFFERS
================================================================================

✔️ [2025-06-24T08:58:16+0000] [hello::make.sh] Z80CODELOC => 0x4000

[hello::make.sh] Build all with app 'sfong'
================================================================================

❤️ [2025-06-24T08:58:16+0000] [hello::make.sh] BUILD: step 1️⃣
🚀[2025-06-24T08:58:16+0000] make -j3 all
❤️ [2025-06-24T08:58:19+0000] [hello::make.sh] BUILD: step 2️⃣
🚀[2025-06-24T08:58:19+0000] make -j3 all
✔️ [2025-06-24T08:58:20+0000] [hello::make.sh] MAIN_ADDRESS => 8689h
✔️ [2025-06-24T08:58:20+0000] [hello::make.sh] CPC.BIN => CPC.00 + CPC.01 + CPC.02
✔️ [2025-06-24T08:58:20+0000] [hello::make.sh] CPC.00 => sfong.cpc
❤️ [2025-06-24T08:58:20+0000] [hello::make.sh] [HEADER] Function addresses
✔️ [2025-06-24T08:58:20+0000] [hello::make.sh] @ 00000 (0000) [ 00002 bytes ] : 'E843' (init)
✔️ [2025-06-24T08:58:20+0000] [hello::make.sh] @ 00002 (0002) [ 00002 bytes ] : 'FF43' (enter)
✔️ [2025-06-24T08:58:20+0000] [hello::make.sh] @ 00004 (0004) [ 00002 bytes ] : '0244' (exit)
✔️ [2025-06-24T08:58:20+0000] [hello::make.sh] @ 00006 (0006) [ 00002 bytes ] : 'CE4C' (update)
✔️ [2025-06-24T08:58:20+0000] [hello::make.sh] @ 00008 (0008) [ 00002 bytes ] : '014D' (refresh)
✔️ [2025-06-24T08:58:20+0000] [hello::make.sh] @ 00010 (000A) [ 00002 bytes ] : '604D' (draw)
✔️ [2025-06-24T08:58:20+0000] [hello::make.sh] @ 00012 (000C) [ 00002 bytes ] : '7D4E' (action_click)
✔️ [2025-06-24T08:58:20+0000] [hello::make.sh] @ 00014 (000E) [ 00002 bytes ] : 'B54E' (action_key)
❤️ [2025-06-24T08:58:20+0000] [hello::make.sh] [HEADER] App name
✔️ [2025-06-24T08:58:20+0000] [hello::make.sh] @ 00016 (0010) [ 00013 bytes ] : 'SFONG...zeros...' (app name)
❤️ [2025-06-24T08:58:20+0000] [hello::make.sh] [HEADER] Resources address
✔️ [2025-06-24T08:58:20+0000] [hello::make.sh] @ 00029 (001D) [ 00002 bytes ] : '3F10' (resources address)
❤️ [2025-06-24T08:58:20+0000] [hello::make.sh] [HEADER] UI data
✔️ [2025-06-24T08:58:20+0000] [hello::make.sh] @ 00031 (001F) [ 00364 bytes ] : '/build/retro/projects/hello/src/assets/usb/osmobito/ui/sfong_ui.bin' (UI)
❤️ [2025-06-24T08:58:20+0000] [hello::make.sh] [HEADER] ... (unused) ...
✔️ [2025-06-24T08:58:20+0000] [hello::make.sh] @ 00395 (018B) [ 00117 bytes ] : zeros filling remaining header to total of 512 bytes
❤️ [2025-06-24T08:58:20+0000] [hello::make.sh] [APP]
✔️ [2025-06-24T08:58:20+0000] [hello::make.sh] @ 00512 (0200) [ 03647 bytes ] : code & data
❤️ [2025-06-24T08:58:20+0000] [hello::make.sh] [RESOURCES]
ℹ️ [2025-06-24T08:58:20+0000] [hello::make.sh] Inject resurce files from '/build/retro/projects/hello/assets/ui/sfong/sfong_resources.json'...
ℹ️ [2025-06-24T08:58:20+0000] [hello::make.sh] @ 04159 (103F) [ 00032 bytes ] : '0000000000000000000000000000000000000000000000000000000000000000'
✔️ [2025-06-24T08:58:20+0000] [hello::make.sh] @ 04159 (103F) [ 00002 bytes ] : '5F10' (resource address also here: TEOPL_RESOURCE_sfong_FONT)
✔️ [2025-06-24T08:58:20+0000] [hello::make.sh] @ 04191 (105F) [ 01540 bytes ] : 'src/assets/usb/osmobito/fntsfong.bin'
✔️ [2025-06-24T08:58:20+0000] [hello::make.sh] @ 04161 (1041) [ 00002 bytes ] : '6316' (resource address also here: TEOPL_RESOURCE_sfong_TEXT_BUFFER)
✔️ [2025-06-24T08:58:20+0000] [hello::make.sh] @ 05731 (1663) [ 01001 bytes ] : 'assets/zeros.1001'
✔️ [2025-06-24T08:58:20+0000] [hello::make.sh] @ 04163 (1043) [ 00002 bytes ] : '4C1A' (resource address also here: TEOPL_RESOURCE_sfong_ORNAMENTS)
✔️ [2025-06-24T08:58:20+0000] [hello::make.sh] @ 06732 (1A4C) [ 00052 bytes ] : 'src/assets/usb/osmobito/ornaments.bin'
❤️ [2025-06-24T08:58:20+0000] [hello::make.sh] Left bytes: 9600

[hello::make.sh] Build all with app 'sfudo'
================================================================================

❤️ [2025-06-24T08:58:20+0000] [hello::make.sh] BUILD: step 1️⃣
🚀[2025-06-24T08:58:20+0000] make -j3 all
❤️ [2025-06-24T08:58:21+0000] [hello::make.sh] BUILD: step 2️⃣
🚀[2025-06-24T08:58:21+0000] make -j3 all
✔️ [2025-06-24T08:58:22+0000] [hello::make.sh] MAIN_ADDRESS => 8689h
✔️ [2025-06-24T08:58:22+0000] [hello::make.sh] CPC.BIN => CPC.00 + CPC.01 + CPC.02
✔️ [2025-06-24T08:58:22+0000] [hello::make.sh] CPC.00 => sfudo.cpc
❤️ [2025-06-24T08:58:22+0000] [hello::make.sh] [HEADER] Function addresses
✔️ [2025-06-24T08:58:22+0000] [hello::make.sh] @ 00000 (0000) [ 00002 bytes ] : 'D64A' (init)
✔️ [2025-06-24T08:58:22+0000] [hello::make.sh] @ 00002 (0002) [ 00002 bytes ] : '734B' (enter)
✔️ [2025-06-24T08:58:22+0000] [hello::make.sh] @ 00004 (0004) [ 00002 bytes ] : '764B' (exit)
✔️ [2025-06-24T08:58:22+0000] [hello::make.sh] @ 00006 (0006) [ 00002 bytes ] : '774B' (update)
✔️ [2025-06-24T08:58:22+0000] [hello::make.sh] @ 00008 (0008) [ 00002 bytes ] : '7D4B' (refresh)
✔️ [2025-06-24T08:58:22+0000] [hello::make.sh] @ 00010 (000A) [ 00002 bytes ] : '1F4C' (draw)
✔️ [2025-06-24T08:58:22+0000] [hello::make.sh] @ 00012 (000C) [ 00002 bytes ] : 'D14D' (action_click)
✔️ [2025-06-24T08:58:22+0000] [hello::make.sh] @ 00014 (000E) [ 00002 bytes ] : '254E' (action_key)
❤️ [2025-06-24T08:58:22+0000] [hello::make.sh] [HEADER] App name
✔️ [2025-06-24T08:58:22+0000] [hello::make.sh] @ 00016 (0010) [ 00013 bytes ] : 'SFUDO...zeros...' (app name)
❤️ [2025-06-24T08:58:22+0000] [hello::make.sh] [HEADER] Resources address
✔️ [2025-06-24T08:58:22+0000] [hello::make.sh] @ 00029 (001D) [ 00002 bytes ] : 'AC0E' (resources address)
❤️ [2025-06-24T08:58:22+0000] [hello::make.sh] [HEADER] UI data
✔️ [2025-06-24T08:58:22+0000] [hello::make.sh] @ 00031 (001F) [ 00112 bytes ] : '/build/retro/projects/hello/src/assets/usb/osmobito/ui/sfudo_ui.bin' (UI)
❤️ [2025-06-24T08:58:22+0000] [hello::make.sh] [HEADER] ... (unused) ...
✔️ [2025-06-24T08:58:22+0000] [hello::make.sh] @ 00143 (008F) [ 00369 bytes ] : zeros filling remaining header to total of 512 bytes
❤️ [2025-06-24T08:58:22+0000] [hello::make.sh] [APP]
✔️ [2025-06-24T08:58:22+0000] [hello::make.sh] @ 00512 (0200) [ 03244 bytes ] : code & data
❤️ [2025-06-24T08:58:22+0000] [hello::make.sh] [RESOURCES]
ℹ️ [2025-06-24T08:58:22+0000] [hello::make.sh] Inject resurce files from '/build/retro/projects/hello/assets/ui/sfudo/sfudo_resources.json'...
ℹ️ [2025-06-24T08:58:22+0000] [hello::make.sh] @ 03756 (0EAC) [ 00032 bytes ] : '0000000000000000000000000000000000000000000000000000000000000000'
✔️ [2025-06-24T08:58:22+0000] [hello::make.sh] @ 03756 (0EAC) [ 00002 bytes ] : 'CC0E' (resource address also here: TEOPL_RESOURCE_sfudo_FONT)
✔️ [2025-06-24T08:58:22+0000] [hello::make.sh] @ 03788 (0ECC) [ 01540 bytes ] : 'src/assets/usb/osmobito/fntsfudo.bin'
✔️ [2025-06-24T08:58:22+0000] [hello::make.sh] @ 03758 (0EAE) [ 00002 bytes ] : 'D014' (resource address also here: TEOPL_RESOURCE_sfudo_TEXT_BUFFER)
✔️ [2025-06-24T08:58:22+0000] [hello::make.sh] @ 05328 (14D0) [ 01001 bytes ] : 'assets/zeros.1001'
✔️ [2025-06-24T08:58:22+0000] [hello::make.sh] @ 03760 (0EB0) [ 00002 bytes ] : 'B918' (resource address also here: TEOPL_RESOURCE_sfudo_ORNAMENTS)
✔️ [2025-06-24T08:58:22+0000] [hello::make.sh] @ 06329 (18B9) [ 00052 bytes ] : 'src/assets/usb/osmobito/ornaments.bin'
❤️ [2025-06-24T08:58:22+0000] [hello::make.sh] Left bytes: 10003

[hello::make.sh] Build all with app 'sfotify'
================================================================================

❤️ [2025-06-24T08:58:22+0000] [hello::make.sh] BUILD: step 1️⃣
🚀[2025-06-24T08:58:22+0000] make -j3 all
❤️ [2025-06-24T08:58:23+0000] [hello::make.sh] BUILD: step 2️⃣
🚀[2025-06-24T08:58:23+0000] make -j3 all
✔️ [2025-06-24T08:58:25+0000] [hello::make.sh] MAIN_ADDRESS => 8689h
✔️ [2025-06-24T08:58:25+0000] [hello::make.sh] CPC.BIN => CPC.00 + CPC.01 + CPC.02
✔️ [2025-06-24T08:58:25+0000] [hello::make.sh] CPC.00 => sfotify.cpc
❤️ [2025-06-24T08:58:25+0000] [hello::make.sh] [HEADER] Function addresses
✔️ [2025-06-24T08:58:25+0000] [hello::make.sh] @ 00000 (0000) [ 00002 bytes ] : '564C' (init)
✔️ [2025-06-24T08:58:25+0000] [hello::make.sh] @ 00002 (0002) [ 00002 bytes ] : '784C' (enter)
✔️ [2025-06-24T08:58:25+0000] [hello::make.sh] @ 00004 (0004) [ 00002 bytes ] : '9D4C' (exit)
✔️ [2025-06-24T08:58:25+0000] [hello::make.sh] @ 00006 (0006) [ 00002 bytes ] : '9E4C' (update)
✔️ [2025-06-24T08:58:25+0000] [hello::make.sh] @ 00008 (0008) [ 00002 bytes ] : 'D74C' (refresh)
✔️ [2025-06-24T08:58:25+0000] [hello::make.sh] @ 00010 (000A) [ 00002 bytes ] : '124D' (draw)
✔️ [2025-06-24T08:58:25+0000] [hello::make.sh] @ 00012 (000C) [ 00002 bytes ] : '474E' (action_click)
✔️ [2025-06-24T08:58:25+0000] [hello::make.sh] @ 00014 (000E) [ 00002 bytes ] : '9B4E' (action_key)
❤️ [2025-06-24T08:58:25+0000] [hello::make.sh] [HEADER] App name
✔️ [2025-06-24T08:58:25+0000] [hello::make.sh] @ 00016 (0010) [ 00013 bytes ] : 'SFOTIFY...zeros...' (app name)
❤️ [2025-06-24T08:58:25+0000] [hello::make.sh] [HEADER] Resources address
✔️ [2025-06-24T08:58:25+0000] [hello::make.sh] @ 00029 (001D) [ 00002 bytes ] : '6611' (resources address)
❤️ [2025-06-24T08:58:25+0000] [hello::make.sh] [HEADER] UI data
✔️ [2025-06-24T08:58:25+0000] [hello::make.sh] @ 00031 (001F) [ 00196 bytes ] : '/build/retro/projects/hello/src/assets/usb/osmobito/ui/sfotify_ui.bin' (UI)
❤️ [2025-06-24T08:58:25+0000] [hello::make.sh] [HEADER] ... (unused) ...
✔️ [2025-06-24T08:58:25+0000] [hello::make.sh] @ 00227 (00E3) [ 00285 bytes ] : zeros filling remaining header to total of 512 bytes
❤️ [2025-06-24T08:58:25+0000] [hello::make.sh] [APP]
✔️ [2025-06-24T08:58:25+0000] [hello::make.sh] @ 00512 (0200) [ 03942 bytes ] : code & data
❤️ [2025-06-24T08:58:25+0000] [hello::make.sh] [RESOURCES]
ℹ️ [2025-06-24T08:58:25+0000] [hello::make.sh] Inject resurce files from '/build/retro/projects/hello/assets/ui/sfotify/sfotify_resources.json'...
ℹ️ [2025-06-24T08:58:25+0000] [hello::make.sh] @ 04454 (1166) [ 00032 bytes ] : '0000000000000000000000000000000000000000000000000000000000000000'
✔️ [2025-06-24T08:58:25+0000] [hello::make.sh] @ 04454 (1166) [ 00002 bytes ] : '8611' (resource address also here: TEOPL_RESOURCE_sfotify_FONT)
✔️ [2025-06-24T08:58:25+0000] [hello::make.sh] @ 04486 (1186) [ 00780 bytes ] : 'src/assets/usb/osmobito/fntdef.bin'
✔️ [2025-06-24T08:58:25+0000] [hello::make.sh] @ 04456 (1168) [ 00002 bytes ] : '9214' (resource address also here: TEOPL_RESOURCE_sfotify_TEXT_BUFFER)
✔️ [2025-06-24T08:58:25+0000] [hello::make.sh] @ 05266 (1492) [ 01001 bytes ] : 'assets/zeros.1001'
✔️ [2025-06-24T08:58:25+0000] [hello::make.sh] @ 04458 (116A) [ 00002 bytes ] : '7B18' (resource address also here: TEOPL_RESOURCE_sfotify_ORNAMENTS)
✔️ [2025-06-24T08:58:25+0000] [hello::make.sh] @ 06267 (187B) [ 00052 bytes ] : 'src/assets/usb/osmobito/ornaments.bin'
❤️ [2025-06-24T08:58:25+0000] [hello::make.sh] Left bytes: 10065

[hello::make.sh] Build all with app 'sfesktop'
================================================================================

❤️ [2025-06-24T08:58:25+0000] [hello::make.sh] BUILD: step 1️⃣
🚀[2025-06-24T08:58:25+0000] make -j3 all
❤️ [2025-06-24T08:58:25+0000] [hello::make.sh] BUILD: step 2️⃣
🚀[2025-06-24T08:58:25+0000] make -j3 all
✔️ [2025-06-24T08:58:26+0000] [hello::make.sh] MAIN_ADDRESS => 8689h
✔️ [2025-06-24T08:58:26+0000] [hello::make.sh] CPC.BIN => CPC.00 + CPC.01 + CPC.02
✔️ [2025-06-24T08:58:26+0000] [hello::make.sh] CPC.00 => sfesktop.cpc
❤️ [2025-06-24T08:58:26+0000] [hello::make.sh] [HEADER] Function addresses
✔️ [2025-06-24T08:58:26+0000] [hello::make.sh] @ 00000 (0000) [ 00002 bytes ] : '0042' (init)
✔️ [2025-06-24T08:58:26+0000] [hello::make.sh] @ 00002 (0002) [ 00002 bytes ] : 'CE42' (enter)
✔️ [2025-06-24T08:58:26+0000] [hello::make.sh] @ 00004 (0004) [ 00002 bytes ] : 'D142' (exit)
✔️ [2025-06-24T08:58:26+0000] [hello::make.sh] @ 00006 (0006) [ 00002 bytes ] : 'D242' (update)
✔️ [2025-06-24T08:58:26+0000] [hello::make.sh] @ 00008 (0008) [ 00002 bytes ] : 'D342' (refresh)
✔️ [2025-06-24T08:58:26+0000] [hello::make.sh] @ 00010 (000A) [ 00002 bytes ] : 'B544' (draw)
✔️ [2025-06-24T08:58:26+0000] [hello::make.sh] @ 00012 (000C) [ 00002 bytes ] : 'B644' (action_click)
✔️ [2025-06-24T08:58:26+0000] [hello::make.sh] @ 00014 (000E) [ 00002 bytes ] : '9A45' (action_key)
❤️ [2025-06-24T08:58:26+0000] [hello::make.sh] [HEADER] App name
✔️ [2025-06-24T08:58:26+0000] [hello::make.sh] @ 00016 (0010) [ 00013 bytes ] : 'SFESKTOP...zeros...' (app name)
❤️ [2025-06-24T08:58:26+0000] [hello::make.sh] [HEADER] Resources address
✔️ [2025-06-24T08:58:26+0000] [hello::make.sh] @ 00029 (001D) [ 00002 bytes ] : 'A705' (resources address)
❤️ [2025-06-24T08:58:26+0000] [hello::make.sh] [HEADER] UI data
✔️ [2025-06-24T08:58:26+0000] [hello::make.sh] @ 00031 (001F) [ 00316 bytes ] : '/build/retro/projects/hello/src/assets/usb/osmobito/ui/sfesktop_ui.bin' (UI)
❤️ [2025-06-24T08:58:26+0000] [hello::make.sh] [HEADER] ... (unused) ...
✔️ [2025-06-24T08:58:26+0000] [hello::make.sh] @ 00347 (015B) [ 00165 bytes ] : zeros filling remaining header to total of 512 bytes
❤️ [2025-06-24T08:58:26+0000] [hello::make.sh] [APP]
✔️ [2025-06-24T08:58:26+0000] [hello::make.sh] @ 00512 (0200) [ 00935 bytes ] : code & data
❤️ [2025-06-24T08:58:26+0000] [hello::make.sh] [RESOURCES]
ℹ️ [2025-06-24T08:58:26+0000] [hello::make.sh] Inject resurce files from '/build/retro/projects/hello/assets/ui/sfesktop/sfesktop_resources.json'...
ℹ️ [2025-06-24T08:58:26+0000] [hello::make.sh] @ 01447 (05A7) [ 00032 bytes ] : '0000000000000000000000000000000000000000000000000000000000000000'
✔️ [2025-06-24T08:58:26+0000] [hello::make.sh] @ 01447 (05A7) [ 00002 bytes ] : 'C705' (resource address also here: TEOPL_RESOURCE_sfesktop_FONT)
✔️ [2025-06-24T08:58:26+0000] [hello::make.sh] @ 01479 (05C7) [ 01540 bytes ] : 'src/assets/usb/osmobito/fntsfesk.bin'
✔️ [2025-06-24T08:58:26+0000] [hello::make.sh] @ 01449 (05A9) [ 00002 bytes ] : 'CB0B' (resource address also here: TEOPL_RESOURCE_sfesktop_TEXT_BUFFER)
✔️ [2025-06-24T08:58:26+0000] [hello::make.sh] @ 03019 (0BCB) [ 01001 bytes ] : 'assets/zeros.1001'
✔️ [2025-06-24T08:58:26+0000] [hello::make.sh] @ 01451 (05AB) [ 00002 bytes ] : 'B40F' (resource address also here: TEOPL_RESOURCE_sfesktop_ICONS)
✔️ [2025-06-24T08:58:26+0000] [hello::make.sh] @ 04020 (0FB4) [ 00788 bytes ] : 'src/assets/usb/osmobito/icosfesk.bin'
✔️ [2025-06-24T08:58:26+0000] [hello::make.sh] @ 01453 (05AD) [ 00002 bytes ] : 'C812' (resource address also here: TEOPL_RESOURCE_sfesktop_SYSTEMTRAY)
✔️ [2025-06-24T08:58:26+0000] [hello::make.sh] @ 04808 (12C8) [ 00212 bytes ] : 'src/assets/usb/osmobito/stsfesk.bin'
✔️ [2025-06-24T08:58:26+0000] [hello::make.sh] @ 01455 (05AF) [ 00002 bytes ] : '9C13' (resource address also here: TEOPL_RESOURCE_sfesktop_BACKGROUND_IMAGE)
✔️ [2025-06-24T08:58:26+0000] [hello::make.sh] @ 05020 (139C) [ 04120 bytes ] : 'src/assets/usb/osmobito/bgsfesk.bin'
❤️ [2025-06-24T08:58:26+0000] [hello::make.sh] Left bytes: 7244

[hello::make.sh] Build all with app 'sfell'
================================================================================

❤️ [2025-06-24T08:58:26+0000] [hello::make.sh] BUILD: step 1️⃣
🚀[2025-06-24T08:58:26+0000] make -j3 all
❤️ [2025-06-24T08:58:28+0000] [hello::make.sh] BUILD: step 2️⃣
🚀[2025-06-24T08:58:28+0000] make -j3 all
✔️ [2025-06-24T08:58:30+0000] [hello::make.sh] MAIN_ADDRESS => 8689h
✔️ [2025-06-24T08:58:30+0000] [hello::make.sh] CPC.BIN => CPC.00 + CPC.01 + CPC.02
✔️ [2025-06-24T08:58:30+0000] [hello::make.sh] CPC.00 => sfell.cpc
❤️ [2025-06-24T08:58:30+0000] [hello::make.sh] [HEADER] Function addresses
✔️ [2025-06-24T08:58:30+0000] [hello::make.sh] @ 00000 (0000) [ 00002 bytes ] : '4444' (init)
✔️ [2025-06-24T08:58:30+0000] [hello::make.sh] @ 00002 (0002) [ 00002 bytes ] : '5944' (enter)
✔️ [2025-06-24T08:58:30+0000] [hello::make.sh] @ 00004 (0004) [ 00002 bytes ] : '5C44' (exit)
✔️ [2025-06-24T08:58:30+0000] [hello::make.sh] @ 00006 (0006) [ 00002 bytes ] : '5D44' (update)
✔️ [2025-06-24T08:58:30+0000] [hello::make.sh] @ 00008 (0008) [ 00002 bytes ] : '5E44' (refresh)
✔️ [2025-06-24T08:58:30+0000] [hello::make.sh] @ 00010 (000A) [ 00002 bytes ] : 'BD44' (draw)
✔️ [2025-06-24T08:58:30+0000] [hello::make.sh] @ 00012 (000C) [ 00002 bytes ] : '0645' (action_click)
✔️ [2025-06-24T08:58:30+0000] [hello::make.sh] @ 00014 (000E) [ 00002 bytes ] : '5A45' (action_key)
❤️ [2025-06-24T08:58:30+0000] [hello::make.sh] [HEADER] App name
✔️ [2025-06-24T08:58:30+0000] [hello::make.sh] @ 00016 (0010) [ 00013 bytes ] : 'SFELL...zeros...' (app name)
❤️ [2025-06-24T08:58:30+0000] [hello::make.sh] [HEADER] Resources address
✔️ [2025-06-24T08:58:30+0000] [hello::make.sh] @ 00029 (001D) [ 00002 bytes ] : 'B218' (resources address)
❤️ [2025-06-24T08:58:30+0000] [hello::make.sh] [HEADER] UI data
✔️ [2025-06-24T08:58:30+0000] [hello::make.sh] @ 00031 (001F) [ 00100 bytes ] : '/build/retro/projects/hello/src/assets/usb/osmobito/ui/sfell_ui.bin' (UI)
❤️ [2025-06-24T08:58:30+0000] [hello::make.sh] [HEADER] ... (unused) ...
✔️ [2025-06-24T08:58:30+0000] [hello::make.sh] @ 00131 (0083) [ 00381 bytes ] : zeros filling remaining header to total of 512 bytes
❤️ [2025-06-24T08:58:30+0000] [hello::make.sh] [APP]
✔️ [2025-06-24T08:58:30+0000] [hello::make.sh] @ 00512 (0200) [ 05810 bytes ] : code & data
❤️ [2025-06-24T08:58:30+0000] [hello::make.sh] [RESOURCES]
ℹ️ [2025-06-24T08:58:30+0000] [hello::make.sh] Inject resurce files from '/build/retro/projects/hello/assets/ui/sfell/sfell_resources.json'...
ℹ️ [2025-06-24T08:58:30+0000] [hello::make.sh] @ 06322 (18B2) [ 00032 bytes ] : '0000000000000000000000000000000000000000000000000000000000000000'
✔️ [2025-06-24T08:58:30+0000] [hello::make.sh] @ 06322 (18B2) [ 00002 bytes ] : 'D218' (resource address also here: TEOPL_RESOURCE_sfell_FONT)
✔️ [2025-06-24T08:58:30+0000] [hello::make.sh] @ 06354 (18D2) [ 00780 bytes ] : 'src/assets/usb/osmobito/fntdef.bin'
✔️ [2025-06-24T08:58:30+0000] [hello::make.sh] @ 06324 (18B4) [ 00002 bytes ] : 'DE1B' (resource address also here: TEOPL_RESOURCE_sfell_TEXT_BUFFER)
✔️ [2025-06-24T08:58:30+0000] [hello::make.sh] @ 07134 (1BDE) [ 01001 bytes ] : 'assets/zeros.1001'
✔️ [2025-06-24T08:58:30+0000] [hello::make.sh] @ 06326 (18B6) [ 00002 bytes ] : 'C71F' (resource address also here: TEOPL_RESOURCE_sfell_ORNAMENTS)
✔️ [2025-06-24T08:58:30+0000] [hello::make.sh] @ 08135 (1FC7) [ 00052 bytes ] : 'src/assets/usb/osmobito/ornaments.bin'
❤️ [2025-06-24T08:58:30+0000] [hello::make.sh] Left bytes: 8197

[hello::make.sh] Build all with app 'sfype'
================================================================================

❤️ [2025-06-24T08:58:30+0000] [hello::make.sh] BUILD: step 1️⃣
🚀[2025-06-24T08:58:30+0000] make -j3 all
❤️ [2025-06-24T08:58:31+0000] [hello::make.sh] BUILD: step 2️⃣
🚀[2025-06-24T08:58:31+0000] make -j3 all
✔️ [2025-06-24T08:58:31+0000] [hello::make.sh] MAIN_ADDRESS => 8689h
✔️ [2025-06-24T08:58:31+0000] [hello::make.sh] CPC.BIN => CPC.00 + CPC.01 + CPC.02
✔️ [2025-06-24T08:58:31+0000] [hello::make.sh] CPC.00 => sfype.cpc
❤️ [2025-06-24T08:58:31+0000] [hello::make.sh] [HEADER] Function addresses
✔️ [2025-06-24T08:58:31+0000] [hello::make.sh] @ 00000 (0000) [ 00002 bytes ] : '2742' (init)
✔️ [2025-06-24T08:58:31+0000] [hello::make.sh] @ 00002 (0002) [ 00002 bytes ] : '3E42' (enter)
✔️ [2025-06-24T08:58:31+0000] [hello::make.sh] @ 00004 (0004) [ 00002 bytes ] : '4D42' (exit)
✔️ [2025-06-24T08:58:31+0000] [hello::make.sh] @ 00006 (0006) [ 00002 bytes ] : '4E42' (update)
✔️ [2025-06-24T08:58:31+0000] [hello::make.sh] @ 00008 (0008) [ 00002 bytes ] : '8C42' (refresh)
✔️ [2025-06-24T08:58:31+0000] [hello::make.sh] @ 00010 (000A) [ 00002 bytes ] : '5744' (draw)
✔️ [2025-06-24T08:58:31+0000] [hello::make.sh] @ 00012 (000C) [ 00002 bytes ] : 'BE45' (action_click)
✔️ [2025-06-24T08:58:31+0000] [hello::make.sh] @ 00014 (000E) [ 00002 bytes ] : 'BB47' (action_key)
❤️ [2025-06-24T08:58:31+0000] [hello::make.sh] [HEADER] App name
✔️ [2025-06-24T08:58:31+0000] [hello::make.sh] @ 00016 (0010) [ 00013 bytes ] : 'SFYPE...zeros...' (app name)
❤️ [2025-06-24T08:58:31+0000] [hello::make.sh] [HEADER] Resources address
✔️ [2025-06-24T08:58:31+0000] [hello::make.sh] @ 00029 (001D) [ 00002 bytes ] : '0408' (resources address)
❤️ [2025-06-24T08:58:31+0000] [hello::make.sh] [HEADER] UI data
✔️ [2025-06-24T08:58:31+0000] [hello::make.sh] @ 00031 (001F) [ 00304 bytes ] : '/build/retro/projects/hello/src/assets/usb/osmobito/ui/sfype_ui.bin' (UI)
❤️ [2025-06-24T08:58:31+0000] [hello::make.sh] [HEADER] ... (unused) ...
✔️ [2025-06-24T08:58:31+0000] [hello::make.sh] @ 00335 (014F) [ 00177 bytes ] : zeros filling remaining header to total of 512 bytes
❤️ [2025-06-24T08:58:31+0000] [hello::make.sh] [APP]
✔️ [2025-06-24T08:58:31+0000] [hello::make.sh] @ 00512 (0200) [ 01540 bytes ] : code & data
❤️ [2025-06-24T08:58:31+0000] [hello::make.sh] [RESOURCES]
ℹ️ [2025-06-24T08:58:31+0000] [hello::make.sh] Inject resurce files from '/build/retro/projects/hello/assets/ui/sfype/sfype_resources.json'...
ℹ️ [2025-06-24T08:58:31+0000] [hello::make.sh] @ 02052 (0804) [ 00032 bytes ] : '0000000000000000000000000000000000000000000000000000000000000000'
✔️ [2025-06-24T08:58:31+0000] [hello::make.sh] @ 02052 (0804) [ 00002 bytes ] : '2408' (resource address also here: TEOPL_RESOURCE_sfype_FONT)
✔️ [2025-06-24T08:58:31+0000] [hello::make.sh] @ 02084 (0824) [ 00780 bytes ] : 'src/assets/usb/osmobito/fntdef.bin'
✔️ [2025-06-24T08:58:31+0000] [hello::make.sh] @ 02054 (0806) [ 00002 bytes ] : '300B' (resource address also here: TEOPL_RESOURCE_sfype_TEXT_BUFFER)
✔️ [2025-06-24T08:58:31+0000] [hello::make.sh] @ 02864 (0B30) [ 01001 bytes ] : 'assets/zeros.1001'
✔️ [2025-06-24T08:58:31+0000] [hello::make.sh] @ 02056 (0808) [ 00002 bytes ] : '190F' (resource address also here: TEOPL_RESOURCE_sfype_ORNAMENTS)
✔️ [2025-06-24T08:58:31+0000] [hello::make.sh] @ 03865 (0F19) [ 00052 bytes ] : 'src/assets/usb/osmobito/ornaments.bin'
❤️ [2025-06-24T08:58:31+0000] [hello::make.sh] Left bytes: 12467
❤️ [2025-06-24T08:58:31+0000] [hello::make.sh] removed empty folders in /build/retro/projects/hello/src/assets

[hello::make.sh] DEPLOY
================================================================================

✔️ [2025-06-24T08:58:31+0000] [hello::make.sh] /build/retro/projects/hello/src/assets/usb/osmobito/* => /tmp/USB/osmobito
                    obj/RST_sfell.rst : [4000 - 58B2] size: 6323
                 obj/RST_sfesktop.rst : [4000 - 45A7] size: 1448
                    obj/RST_sfong.rst : [4000 - 503F] size: 4160
                  obj/RST_sfotify.rst : [4000 - 5166] size: 4455
                    obj/RST_sfudo.rst : [4000 - 4EAC] size: 3757
                    obj/RST_sfype.rst : [4000 - 4804] size: 2053
                         obj/main.rst : [8000 - 88DF] size: 2272
                   obj/teopl_apps.rst : [88E0 - 9071] size: 1938
              obj/teopl_billboard.rst : [9072 - A8A0] size: 6191
                  obj/teopl_chunk.rst : [A8A1 - AAFC] size: 604
                  obj/teopl_debug.rst : [AAFD - AC08] size: 268
             obj/teopl_decompress.rst : 
                 obj/teopl_events.rst : [AC09 - AC1F] size: 23
                   obj/teopl_font.rst : [AC20 - ADF4] size: 469
                  obj/teopl_input.rst : [ADF5 - B57B] size: 1927
              obj/teopl_interrupt.rst : [B57E - B5C4] size: 71
               obj/teopl_keyboard.rst : [B5C5 - B7DC] size: 536
                   obj/teopl_pool.rst : 
                    obj/teopl_res.rst : [B7DD - BB3F] size: 867
                obj/teopl_ringbuf.rst : 
              obj/teopl_sf3_audio.rst : [BB40 - BBCB] size: 140
             obj/teopl_sf3_common.rst : [BBCC - C341] size: 1910
              obj/teopl_sf3_mouse.rst : [C342 - C5E8] size: 679
            obj/teopl_sf3_request.rst : [C5E9 - C7CD] size: 485
               obj/teopl_sf3_roms.rst : [C7CE - D5B5] size: 3560
                obj/teopl_sf3_rtc.rst : [D5B6 - D68E] size: 217
             obj/teopl_sf3_system.rst : [D68F - D6A9] size: 27
                obj/teopl_sf3_tft.rst : 
            obj/teopl_sf3_tmtnet2.rst : [D6AA - E4E7] size: 3646
               obj/teopl_sf3_wifi.rst : [E4E8 - E547] size: 96
                  obj/teopl_sfell.rst : 
               obj/teopl_sfesktop.rst : 
                  obj/teopl_sfong.rst : 
                obj/teopl_sfotify.rst : 
                  obj/teopl_sfudo.rst : 
                  obj/teopl_sfype.rst : 
                  obj/teopl_sound.rst : 
                   obj/teopl_util.rst : [E548 - F154] size: 3085
                  obj/teopl_video.rst : [F155 - F9E0] size: 2188
         obj/windows_sf3_response.rst : 
                   obj/winpthread.rst : 

[hello::make.sh] SUGGESTIONS
================================================================================

❤️ [2025-06-24T08:58:32+0000] [hello::make.sh] Minimum app header size could be: 395 instead of current 512. Update 'src/apps/header_placeholder' file. Be careful as last item in header is UI data which is not fixed in size!
✔️ [2025-06-24T08:58:32+0000] [loader::make.sh] Build binaries to load... done!

[loader::make.sh] BUILD
================================================================================

🚀[2025-06-24T08:58:32+0000] make -j3 all

[loader::make.sh] BUILD (after)
================================================================================

✔️ [2025-06-24T08:58:33+0000] [loader::make.sh] removed empty folders in /build/retro/projects/loader/src/assets

[loader::make.sh] VISUAL STUDIO SOLUTION
================================================================================

FIXXXME: how to handle this specific case? This needs to be added to the project file:
